[2022-05-31 21:18:26,291] [ERROR] Internal Server Error: /admin/goods/goodstype/add/
Traceback (most recent call last):
  File "/home/lqs/桌面/py-project-fresh/dfresh/venv/lib/python3.10/site-packages/django/core/handlers/exception.py", line 55, in inner
    response = get_response(request)
  File "/home/lqs/桌面/py-project-fresh/dfresh/venv/lib/python3.10/site-packages/django/core/handlers/base.py", line 197, in _get_response
    response = wrapped_callback(request, *callback_args, **callback_kwargs)
  File "/home/lqs/桌面/py-project-fresh/dfresh/venv/lib/python3.10/site-packages/django/contrib/admin/options.py", line 683, in wrapper
    return self.admin_site.admin_view(view)(*args, **kwargs)
  File "/home/lqs/桌面/py-project-fresh/dfresh/venv/lib/python3.10/site-packages/django/utils/decorators.py", line 133, in _wrapped_view
    response = view_func(request, *args, **kwargs)
  File "/home/lqs/桌面/py-project-fresh/dfresh/venv/lib/python3.10/site-packages/django/views/decorators/cache.py", line 62, in _wrapped_view_func
    response = view_func(request, *args, **kwargs)
  File "/home/lqs/桌面/py-project-fresh/dfresh/venv/lib/python3.10/site-packages/django/contrib/admin/sites.py", line 242, in inner
    return view(request, *args, **kwargs)
  File "/home/lqs/桌面/py-project-fresh/dfresh/venv/lib/python3.10/site-packages/django/contrib/admin/options.py", line 1885, in add_view
    return self.changeform_view(request, None, form_url, extra_context)
  File "/home/lqs/桌面/py-project-fresh/dfresh/venv/lib/python3.10/site-packages/django/utils/decorators.py", line 46, in _wrapper
    return bound_method(*args, **kwargs)
  File "/home/lqs/桌面/py-project-fresh/dfresh/venv/lib/python3.10/site-packages/django/utils/decorators.py", line 133, in _wrapped_view
    response = view_func(request, *args, **kwargs)
  File "/home/lqs/桌面/py-project-fresh/dfresh/venv/lib/python3.10/site-packages/django/contrib/admin/options.py", line 1745, in changeform_view
    return self._changeform_view(request, object_id, form_url, extra_context)
  File "/home/lqs/桌面/py-project-fresh/dfresh/venv/lib/python3.10/site-packages/django/contrib/admin/options.py", line 1797, in _changeform_view
    self.save_model(request, new_object, form, not add)
  File "/home/lqs/桌面/py-project-fresh/dfresh/venv/lib/python3.10/site-packages/django/contrib/admin/options.py", line 1220, in save_model
    obj.save()
  File "/home/lqs/桌面/py-project-fresh/dfresh/venv/lib/python3.10/site-packages/django/db/models/base.py", line 806, in save
    self.save_base(
  File "/home/lqs/桌面/py-project-fresh/dfresh/venv/lib/python3.10/site-packages/django/db/models/base.py", line 857, in save_base
    updated = self._save_table(
  File "/home/lqs/桌面/py-project-fresh/dfresh/venv/lib/python3.10/site-packages/django/db/models/base.py", line 1000, in _save_table
    results = self._do_insert(
  File "/home/lqs/桌面/py-project-fresh/dfresh/venv/lib/python3.10/site-packages/django/db/models/base.py", line 1041, in _do_insert
    return manager._insert(
  File "/home/lqs/桌面/py-project-fresh/dfresh/venv/lib/python3.10/site-packages/django/db/models/manager.py", line 85, in manager_method
    return getattr(self.get_queryset(), name)(*args, **kwargs)
  File "/home/lqs/桌面/py-project-fresh/dfresh/venv/lib/python3.10/site-packages/django/db/models/query.py", line 1434, in _insert
    return query.get_compiler(using=using).execute_sql(returning_fields)
  File "/home/lqs/桌面/py-project-fresh/dfresh/venv/lib/python3.10/site-packages/django/db/models/sql/compiler.py", line 1620, in execute_sql
    for sql, params in self.as_sql():
  File "/home/lqs/桌面/py-project-fresh/dfresh/venv/lib/python3.10/site-packages/django/db/models/sql/compiler.py", line 1547, in as_sql
    value_rows = [
  File "/home/lqs/桌面/py-project-fresh/dfresh/venv/lib/python3.10/site-packages/django/db/models/sql/compiler.py", line 1548, in <listcomp>
    [
  File "/home/lqs/桌面/py-project-fresh/dfresh/venv/lib/python3.10/site-packages/django/db/models/sql/compiler.py", line 1549, in <listcomp>
    self.prepare_value(field, self.pre_save_val(field, obj))
  File "/home/lqs/桌面/py-project-fresh/dfresh/venv/lib/python3.10/site-packages/django/db/models/sql/compiler.py", line 1497, in pre_save_val
    return field.pre_save(obj, add=True)
  File "/home/lqs/桌面/py-project-fresh/dfresh/venv/lib/python3.10/site-packages/django/db/models/fields/files.py", line 316, in pre_save
    file.save(file.name, file.file, save=False)
  File "/home/lqs/桌面/py-project-fresh/dfresh/venv/lib/python3.10/site-packages/django/db/models/fields/files.py", line 91, in save
    name = self.field.generate_filename(self.instance, name)
  File "/home/lqs/桌面/py-project-fresh/dfresh/venv/lib/python3.10/site-packages/django/db/models/fields/files.py", line 336, in generate_filename
    return self.storage.generate_filename(filename)
  File "/home/lqs/桌面/py-project-fresh/dfresh/venv/lib/python3.10/site-packages/django/utils/functional.py", line 258, in inner
    self._setup()
  File "/home/lqs/桌面/py-project-fresh/dfresh/venv/lib/python3.10/site-packages/django/core/files/storage.py", line 413, in _setup
    self._wrapped = get_storage_class()()
  File "/home/lqs/桌面/py-project-fresh/dfresh/venv/lib/python3.10/site-packages/django/core/files/storage.py", line 408, in get_storage_class
    return import_string(import_path or settings.DEFAULT_FILE_STORAGE)
  File "/home/lqs/桌面/py-project-fresh/dfresh/venv/lib/python3.10/site-packages/django/utils/module_loading.py", line 30, in import_string
    return cached_import(module_path, class_name)
  File "/home/lqs/桌面/py-project-fresh/dfresh/venv/lib/python3.10/site-packages/django/utils/module_loading.py", line 15, in cached_import
    import_module(module_path)
  File "/usr/lib/python3.10/importlib/__init__.py", line 126, in import_module
    return _bootstrap._gcd_import(name[level:], package, level)
  File "<frozen importlib._bootstrap>", line 1050, in _gcd_import
  File "<frozen importlib._bootstrap>", line 1027, in _find_and_load
  File "<frozen importlib._bootstrap>", line 992, in _find_and_load_unlocked
  File "<frozen importlib._bootstrap>", line 241, in _call_with_frames_removed
  File "<frozen importlib._bootstrap>", line 1050, in _gcd_import
  File "<frozen importlib._bootstrap>", line 1027, in _find_and_load
  File "<frozen importlib._bootstrap>", line 1004, in _find_and_load_unlocked
ModuleNotFoundError: No module named 'aliyun_oss2_storage'
[2022-05-31 21:18:26,293] [ERROR] "POST /admin/goods/goodstype/add/ HTTP/1.1" 500 227356
[2022-05-31 21:22:04,958] [ERROR] Internal Server Error: /admin/goods/goodstype/add/
Traceback (most recent call last):
  File "/home/lqs/桌面/py-project-fresh/dfresh/venv/lib/python3.10/site-packages/django/core/handlers/exception.py", line 55, in inner
    response = get_response(request)
  File "/home/lqs/桌面/py-project-fresh/dfresh/venv/lib/python3.10/site-packages/django/core/handlers/base.py", line 197, in _get_response
    response = wrapped_callback(request, *callback_args, **callback_kwargs)
  File "/home/lqs/桌面/py-project-fresh/dfresh/venv/lib/python3.10/site-packages/django/contrib/admin/options.py", line 683, in wrapper
    return self.admin_site.admin_view(view)(*args, **kwargs)
  File "/home/lqs/桌面/py-project-fresh/dfresh/venv/lib/python3.10/site-packages/django/utils/decorators.py", line 133, in _wrapped_view
    response = view_func(request, *args, **kwargs)
  File "/home/lqs/桌面/py-project-fresh/dfresh/venv/lib/python3.10/site-packages/django/views/decorators/cache.py", line 62, in _wrapped_view_func
    response = view_func(request, *args, **kwargs)
  File "/home/lqs/桌面/py-project-fresh/dfresh/venv/lib/python3.10/site-packages/django/contrib/admin/sites.py", line 242, in inner
    return view(request, *args, **kwargs)
  File "/home/lqs/桌面/py-project-fresh/dfresh/venv/lib/python3.10/site-packages/django/contrib/admin/options.py", line 1885, in add_view
    return self.changeform_view(request, None, form_url, extra_context)
  File "/home/lqs/桌面/py-project-fresh/dfresh/venv/lib/python3.10/site-packages/django/utils/decorators.py", line 46, in _wrapper
    return bound_method(*args, **kwargs)
  File "/home/lqs/桌面/py-project-fresh/dfresh/venv/lib/python3.10/site-packages/django/utils/decorators.py", line 133, in _wrapped_view
    response = view_func(request, *args, **kwargs)
  File "/home/lqs/桌面/py-project-fresh/dfresh/venv/lib/python3.10/site-packages/django/contrib/admin/options.py", line 1745, in changeform_view
    return self._changeform_view(request, object_id, form_url, extra_context)
  File "/home/lqs/桌面/py-project-fresh/dfresh/venv/lib/python3.10/site-packages/django/contrib/admin/options.py", line 1797, in _changeform_view
    self.save_model(request, new_object, form, not add)
  File "/home/lqs/桌面/py-project-fresh/dfresh/venv/lib/python3.10/site-packages/django/contrib/admin/options.py", line 1220, in save_model
    obj.save()
  File "/home/lqs/桌面/py-project-fresh/dfresh/venv/lib/python3.10/site-packages/django/db/models/base.py", line 806, in save
    self.save_base(
  File "/home/lqs/桌面/py-project-fresh/dfresh/venv/lib/python3.10/site-packages/django/db/models/base.py", line 857, in save_base
    updated = self._save_table(
  File "/home/lqs/桌面/py-project-fresh/dfresh/venv/lib/python3.10/site-packages/django/db/models/base.py", line 1000, in _save_table
    results = self._do_insert(
  File "/home/lqs/桌面/py-project-fresh/dfresh/venv/lib/python3.10/site-packages/django/db/models/base.py", line 1041, in _do_insert
    return manager._insert(
  File "/home/lqs/桌面/py-project-fresh/dfresh/venv/lib/python3.10/site-packages/django/db/models/manager.py", line 85, in manager_method
    return getattr(self.get_queryset(), name)(*args, **kwargs)
  File "/home/lqs/桌面/py-project-fresh/dfresh/venv/lib/python3.10/site-packages/django/db/models/query.py", line 1434, in _insert
    return query.get_compiler(using=using).execute_sql(returning_fields)
  File "/home/lqs/桌面/py-project-fresh/dfresh/venv/lib/python3.10/site-packages/django/db/models/sql/compiler.py", line 1620, in execute_sql
    for sql, params in self.as_sql():
  File "/home/lqs/桌面/py-project-fresh/dfresh/venv/lib/python3.10/site-packages/django/db/models/sql/compiler.py", line 1547, in as_sql
    value_rows = [
  File "/home/lqs/桌面/py-project-fresh/dfresh/venv/lib/python3.10/site-packages/django/db/models/sql/compiler.py", line 1548, in <listcomp>
    [
  File "/home/lqs/桌面/py-project-fresh/dfresh/venv/lib/python3.10/site-packages/django/db/models/sql/compiler.py", line 1549, in <listcomp>
    self.prepare_value(field, self.pre_save_val(field, obj))
  File "/home/lqs/桌面/py-project-fresh/dfresh/venv/lib/python3.10/site-packages/django/db/models/sql/compiler.py", line 1497, in pre_save_val
    return field.pre_save(obj, add=True)
  File "/home/lqs/桌面/py-project-fresh/dfresh/venv/lib/python3.10/site-packages/django/db/models/fields/files.py", line 316, in pre_save
    file.save(file.name, file.file, save=False)
  File "/home/lqs/桌面/py-project-fresh/dfresh/venv/lib/python3.10/site-packages/django/db/models/fields/files.py", line 91, in save
    name = self.field.generate_filename(self.instance, name)
  File "/home/lqs/桌面/py-project-fresh/dfresh/venv/lib/python3.10/site-packages/django/db/models/fields/files.py", line 336, in generate_filename
    return self.storage.generate_filename(filename)
  File "/home/lqs/桌面/py-project-fresh/dfresh/venv/lib/python3.10/site-packages/django/utils/functional.py", line 258, in inner
    self._setup()
  File "/home/lqs/桌面/py-project-fresh/dfresh/venv/lib/python3.10/site-packages/django/core/files/storage.py", line 413, in _setup
    self._wrapped = get_storage_class()()
  File "/home/lqs/桌面/py-project-fresh/dfresh/venv/lib/python3.10/site-packages/django/core/files/storage.py", line 408, in get_storage_class
    return import_string(import_path or settings.DEFAULT_FILE_STORAGE)
  File "/home/lqs/桌面/py-project-fresh/dfresh/venv/lib/python3.10/site-packages/django/utils/module_loading.py", line 30, in import_string
    return cached_import(module_path, class_name)
  File "/home/lqs/桌面/py-project-fresh/dfresh/venv/lib/python3.10/site-packages/django/utils/module_loading.py", line 15, in cached_import
    import_module(module_path)
  File "/usr/lib/python3.10/importlib/__init__.py", line 126, in import_module
    return _bootstrap._gcd_import(name[level:], package, level)
  File "<frozen importlib._bootstrap>", line 1050, in _gcd_import
  File "<frozen importlib._bootstrap>", line 1027, in _find_and_load
  File "<frozen importlib._bootstrap>", line 992, in _find_and_load_unlocked
  File "<frozen importlib._bootstrap>", line 241, in _call_with_frames_removed
  File "<frozen importlib._bootstrap>", line 1050, in _gcd_import
  File "<frozen importlib._bootstrap>", line 1027, in _find_and_load
  File "<frozen importlib._bootstrap>", line 1004, in _find_and_load_unlocked
ModuleNotFoundError: No module named 'aliyun_oss2_storage'
[2022-05-31 21:22:04,959] [ERROR] "POST /admin/goods/goodstype/add/ HTTP/1.1" 500 227356
[2022-05-31 21:22:36,667] [ERROR] Internal Server Error: /admin/goods/goodstype/add/
Traceback (most recent call last):
  File "/home/lqs/桌面/py-project-fresh/dfresh/venv/lib/python3.10/site-packages/django/core/handlers/exception.py", line 55, in inner
    response = get_response(request)
  File "/home/lqs/桌面/py-project-fresh/dfresh/venv/lib/python3.10/site-packages/django/core/handlers/base.py", line 197, in _get_response
    response = wrapped_callback(request, *callback_args, **callback_kwargs)
  File "/home/lqs/桌面/py-project-fresh/dfresh/venv/lib/python3.10/site-packages/django/contrib/admin/options.py", line 683, in wrapper
    return self.admin_site.admin_view(view)(*args, **kwargs)
  File "/home/lqs/桌面/py-project-fresh/dfresh/venv/lib/python3.10/site-packages/django/utils/decorators.py", line 133, in _wrapped_view
    response = view_func(request, *args, **kwargs)
  File "/home/lqs/桌面/py-project-fresh/dfresh/venv/lib/python3.10/site-packages/django/views/decorators/cache.py", line 62, in _wrapped_view_func
    response = view_func(request, *args, **kwargs)
  File "/home/lqs/桌面/py-project-fresh/dfresh/venv/lib/python3.10/site-packages/django/contrib/admin/sites.py", line 242, in inner
    return view(request, *args, **kwargs)
  File "/home/lqs/桌面/py-project-fresh/dfresh/venv/lib/python3.10/site-packages/django/contrib/admin/options.py", line 1885, in add_view
    return self.changeform_view(request, None, form_url, extra_context)
  File "/home/lqs/桌面/py-project-fresh/dfresh/venv/lib/python3.10/site-packages/django/utils/decorators.py", line 46, in _wrapper
    return bound_method(*args, **kwargs)
  File "/home/lqs/桌面/py-project-fresh/dfresh/venv/lib/python3.10/site-packages/django/utils/decorators.py", line 133, in _wrapped_view
    response = view_func(request, *args, **kwargs)
  File "/home/lqs/桌面/py-project-fresh/dfresh/venv/lib/python3.10/site-packages/django/contrib/admin/options.py", line 1745, in changeform_view
    return self._changeform_view(request, object_id, form_url, extra_context)
  File "/home/lqs/桌面/py-project-fresh/dfresh/venv/lib/python3.10/site-packages/django/contrib/admin/options.py", line 1797, in _changeform_view
    self.save_model(request, new_object, form, not add)
  File "/home/lqs/桌面/py-project-fresh/dfresh/venv/lib/python3.10/site-packages/django/contrib/admin/options.py", line 1220, in save_model
    obj.save()
  File "/home/lqs/桌面/py-project-fresh/dfresh/venv/lib/python3.10/site-packages/django/db/models/base.py", line 806, in save
    self.save_base(
  File "/home/lqs/桌面/py-project-fresh/dfresh/venv/lib/python3.10/site-packages/django/db/models/base.py", line 857, in save_base
    updated = self._save_table(
  File "/home/lqs/桌面/py-project-fresh/dfresh/venv/lib/python3.10/site-packages/django/db/models/base.py", line 1000, in _save_table
    results = self._do_insert(
  File "/home/lqs/桌面/py-project-fresh/dfresh/venv/lib/python3.10/site-packages/django/db/models/base.py", line 1041, in _do_insert
    return manager._insert(
  File "/home/lqs/桌面/py-project-fresh/dfresh/venv/lib/python3.10/site-packages/django/db/models/manager.py", line 85, in manager_method
    return getattr(self.get_queryset(), name)(*args, **kwargs)
  File "/home/lqs/桌面/py-project-fresh/dfresh/venv/lib/python3.10/site-packages/django/db/models/query.py", line 1434, in _insert
    return query.get_compiler(using=using).execute_sql(returning_fields)
  File "/home/lqs/桌面/py-project-fresh/dfresh/venv/lib/python3.10/site-packages/django/db/models/sql/compiler.py", line 1620, in execute_sql
    for sql, params in self.as_sql():
  File "/home/lqs/桌面/py-project-fresh/dfresh/venv/lib/python3.10/site-packages/django/db/models/sql/compiler.py", line 1547, in as_sql
    value_rows = [
  File "/home/lqs/桌面/py-project-fresh/dfresh/venv/lib/python3.10/site-packages/django/db/models/sql/compiler.py", line 1548, in <listcomp>
    [
  File "/home/lqs/桌面/py-project-fresh/dfresh/venv/lib/python3.10/site-packages/django/db/models/sql/compiler.py", line 1549, in <listcomp>
    self.prepare_value(field, self.pre_save_val(field, obj))
  File "/home/lqs/桌面/py-project-fresh/dfresh/venv/lib/python3.10/site-packages/django/db/models/sql/compiler.py", line 1497, in pre_save_val
    return field.pre_save(obj, add=True)
  File "/home/lqs/桌面/py-project-fresh/dfresh/venv/lib/python3.10/site-packages/django/db/models/fields/files.py", line 316, in pre_save
    file.save(file.name, file.file, save=False)
  File "/home/lqs/桌面/py-project-fresh/dfresh/venv/lib/python3.10/site-packages/django/db/models/fields/files.py", line 91, in save
    name = self.field.generate_filename(self.instance, name)
  File "/home/lqs/桌面/py-project-fresh/dfresh/venv/lib/python3.10/site-packages/django/db/models/fields/files.py", line 336, in generate_filename
    return self.storage.generate_filename(filename)
  File "/home/lqs/桌面/py-project-fresh/dfresh/venv/lib/python3.10/site-packages/django/utils/functional.py", line 258, in inner
    self._setup()
  File "/home/lqs/桌面/py-project-fresh/dfresh/venv/lib/python3.10/site-packages/django/core/files/storage.py", line 413, in _setup
    self._wrapped = get_storage_class()()
  File "/home/lqs/桌面/py-project-fresh/dfresh/venv/lib/python3.10/site-packages/django/core/files/storage.py", line 408, in get_storage_class
    return import_string(import_path or settings.DEFAULT_FILE_STORAGE)
  File "/home/lqs/桌面/py-project-fresh/dfresh/venv/lib/python3.10/site-packages/django/utils/module_loading.py", line 30, in import_string
    return cached_import(module_path, class_name)
  File "/home/lqs/桌面/py-project-fresh/dfresh/venv/lib/python3.10/site-packages/django/utils/module_loading.py", line 15, in cached_import
    import_module(module_path)
  File "/usr/lib/python3.10/importlib/__init__.py", line 126, in import_module
    return _bootstrap._gcd_import(name[level:], package, level)
  File "<frozen importlib._bootstrap>", line 1050, in _gcd_import
  File "<frozen importlib._bootstrap>", line 1027, in _find_and_load
  File "<frozen importlib._bootstrap>", line 992, in _find_and_load_unlocked
  File "<frozen importlib._bootstrap>", line 241, in _call_with_frames_removed
  File "<frozen importlib._bootstrap>", line 1050, in _gcd_import
  File "<frozen importlib._bootstrap>", line 1027, in _find_and_load
  File "<frozen importlib._bootstrap>", line 1004, in _find_and_load_unlocked
ModuleNotFoundError: No module named 'aliyun_oss2_storage'
[2022-05-31 21:22:36,670] [ERROR] "POST /admin/goods/goodstype/add/ HTTP/1.1" 500 227356
[2022-05-31 21:23:31,138] [ERROR] Internal Server Error: /admin/goods/goodstype/add/
Traceback (most recent call last):
  File "/home/lqs/桌面/py-project-fresh/dfresh/venv/lib/python3.10/site-packages/django/core/handlers/exception.py", line 55, in inner
    response = get_response(request)
  File "/home/lqs/桌面/py-project-fresh/dfresh/venv/lib/python3.10/site-packages/django/core/handlers/base.py", line 197, in _get_response
    response = wrapped_callback(request, *callback_args, **callback_kwargs)
  File "/home/lqs/桌面/py-project-fresh/dfresh/venv/lib/python3.10/site-packages/django/contrib/admin/options.py", line 683, in wrapper
    return self.admin_site.admin_view(view)(*args, **kwargs)
  File "/home/lqs/桌面/py-project-fresh/dfresh/venv/lib/python3.10/site-packages/django/utils/decorators.py", line 133, in _wrapped_view
    response = view_func(request, *args, **kwargs)
  File "/home/lqs/桌面/py-project-fresh/dfresh/venv/lib/python3.10/site-packages/django/views/decorators/cache.py", line 62, in _wrapped_view_func
    response = view_func(request, *args, **kwargs)
  File "/home/lqs/桌面/py-project-fresh/dfresh/venv/lib/python3.10/site-packages/django/contrib/admin/sites.py", line 242, in inner
    return view(request, *args, **kwargs)
  File "/home/lqs/桌面/py-project-fresh/dfresh/venv/lib/python3.10/site-packages/django/contrib/admin/options.py", line 1885, in add_view
    return self.changeform_view(request, None, form_url, extra_context)
  File "/home/lqs/桌面/py-project-fresh/dfresh/venv/lib/python3.10/site-packages/django/utils/decorators.py", line 46, in _wrapper
    return bound_method(*args, **kwargs)
  File "/home/lqs/桌面/py-project-fresh/dfresh/venv/lib/python3.10/site-packages/django/utils/decorators.py", line 133, in _wrapped_view
    response = view_func(request, *args, **kwargs)
  File "/home/lqs/桌面/py-project-fresh/dfresh/venv/lib/python3.10/site-packages/django/contrib/admin/options.py", line 1745, in changeform_view
    return self._changeform_view(request, object_id, form_url, extra_context)
  File "/home/lqs/桌面/py-project-fresh/dfresh/venv/lib/python3.10/site-packages/django/contrib/admin/options.py", line 1797, in _changeform_view
    self.save_model(request, new_object, form, not add)
  File "/home/lqs/桌面/py-project-fresh/dfresh/venv/lib/python3.10/site-packages/django/contrib/admin/options.py", line 1220, in save_model
    obj.save()
  File "/home/lqs/桌面/py-project-fresh/dfresh/venv/lib/python3.10/site-packages/django/db/models/base.py", line 806, in save
    self.save_base(
  File "/home/lqs/桌面/py-project-fresh/dfresh/venv/lib/python3.10/site-packages/django/db/models/base.py", line 857, in save_base
    updated = self._save_table(
  File "/home/lqs/桌面/py-project-fresh/dfresh/venv/lib/python3.10/site-packages/django/db/models/base.py", line 1000, in _save_table
    results = self._do_insert(
  File "/home/lqs/桌面/py-project-fresh/dfresh/venv/lib/python3.10/site-packages/django/db/models/base.py", line 1041, in _do_insert
    return manager._insert(
  File "/home/lqs/桌面/py-project-fresh/dfresh/venv/lib/python3.10/site-packages/django/db/models/manager.py", line 85, in manager_method
    return getattr(self.get_queryset(), name)(*args, **kwargs)
  File "/home/lqs/桌面/py-project-fresh/dfresh/venv/lib/python3.10/site-packages/django/db/models/query.py", line 1434, in _insert
    return query.get_compiler(using=using).execute_sql(returning_fields)
  File "/home/lqs/桌面/py-project-fresh/dfresh/venv/lib/python3.10/site-packages/django/db/models/sql/compiler.py", line 1620, in execute_sql
    for sql, params in self.as_sql():
  File "/home/lqs/桌面/py-project-fresh/dfresh/venv/lib/python3.10/site-packages/django/db/models/sql/compiler.py", line 1547, in as_sql
    value_rows = [
  File "/home/lqs/桌面/py-project-fresh/dfresh/venv/lib/python3.10/site-packages/django/db/models/sql/compiler.py", line 1548, in <listcomp>
    [
  File "/home/lqs/桌面/py-project-fresh/dfresh/venv/lib/python3.10/site-packages/django/db/models/sql/compiler.py", line 1549, in <listcomp>
    self.prepare_value(field, self.pre_save_val(field, obj))
  File "/home/lqs/桌面/py-project-fresh/dfresh/venv/lib/python3.10/site-packages/django/db/models/sql/compiler.py", line 1497, in pre_save_val
    return field.pre_save(obj, add=True)
  File "/home/lqs/桌面/py-project-fresh/dfresh/venv/lib/python3.10/site-packages/django/db/models/fields/files.py", line 316, in pre_save
    file.save(file.name, file.file, save=False)
  File "/home/lqs/桌面/py-project-fresh/dfresh/venv/lib/python3.10/site-packages/django/db/models/fields/files.py", line 91, in save
    name = self.field.generate_filename(self.instance, name)
  File "/home/lqs/桌面/py-project-fresh/dfresh/venv/lib/python3.10/site-packages/django/db/models/fields/files.py", line 336, in generate_filename
    return self.storage.generate_filename(filename)
  File "/home/lqs/桌面/py-project-fresh/dfresh/venv/lib/python3.10/site-packages/django/utils/functional.py", line 258, in inner
    self._setup()
  File "/home/lqs/桌面/py-project-fresh/dfresh/venv/lib/python3.10/site-packages/django/core/files/storage.py", line 413, in _setup
    self._wrapped = get_storage_class()()
  File "/home/lqs/桌面/py-project-fresh/dfresh/venv/lib/python3.10/site-packages/django/core/files/storage.py", line 408, in get_storage_class
    return import_string(import_path or settings.DEFAULT_FILE_STORAGE)
  File "/home/lqs/桌面/py-project-fresh/dfresh/venv/lib/python3.10/site-packages/django/utils/module_loading.py", line 30, in import_string
    return cached_import(module_path, class_name)
  File "/home/lqs/桌面/py-project-fresh/dfresh/venv/lib/python3.10/site-packages/django/utils/module_loading.py", line 15, in cached_import
    import_module(module_path)
  File "/usr/lib/python3.10/importlib/__init__.py", line 126, in import_module
    return _bootstrap._gcd_import(name[level:], package, level)
  File "<frozen importlib._bootstrap>", line 1050, in _gcd_import
  File "<frozen importlib._bootstrap>", line 1027, in _find_and_load
  File "<frozen importlib._bootstrap>", line 992, in _find_and_load_unlocked
  File "<frozen importlib._bootstrap>", line 241, in _call_with_frames_removed
  File "<frozen importlib._bootstrap>", line 1050, in _gcd_import
  File "<frozen importlib._bootstrap>", line 1027, in _find_and_load
  File "<frozen importlib._bootstrap>", line 1004, in _find_and_load_unlocked
ModuleNotFoundError: No module named 'aliyun_oss2_storage'
[2022-05-31 21:23:31,139] [ERROR] "POST /admin/goods/goodstype/add/ HTTP/1.1" 500 227356
[2022-05-31 21:23:59,307] [ERROR] Internal Server Error: /admin/goods/goodstype/add/
Traceback (most recent call last):
  File "/home/lqs/桌面/py-project-fresh/dfresh/venv/lib/python3.10/site-packages/django/core/handlers/exception.py", line 55, in inner
    response = get_response(request)
  File "/home/lqs/桌面/py-project-fresh/dfresh/venv/lib/python3.10/site-packages/django/core/handlers/base.py", line 197, in _get_response
    response = wrapped_callback(request, *callback_args, **callback_kwargs)
  File "/home/lqs/桌面/py-project-fresh/dfresh/venv/lib/python3.10/site-packages/django/contrib/admin/options.py", line 683, in wrapper
    return self.admin_site.admin_view(view)(*args, **kwargs)
  File "/home/lqs/桌面/py-project-fresh/dfresh/venv/lib/python3.10/site-packages/django/utils/decorators.py", line 133, in _wrapped_view
    response = view_func(request, *args, **kwargs)
  File "/home/lqs/桌面/py-project-fresh/dfresh/venv/lib/python3.10/site-packages/django/views/decorators/cache.py", line 62, in _wrapped_view_func
    response = view_func(request, *args, **kwargs)
  File "/home/lqs/桌面/py-project-fresh/dfresh/venv/lib/python3.10/site-packages/django/contrib/admin/sites.py", line 242, in inner
    return view(request, *args, **kwargs)
  File "/home/lqs/桌面/py-project-fresh/dfresh/venv/lib/python3.10/site-packages/django/contrib/admin/options.py", line 1885, in add_view
    return self.changeform_view(request, None, form_url, extra_context)
  File "/home/lqs/桌面/py-project-fresh/dfresh/venv/lib/python3.10/site-packages/django/utils/decorators.py", line 46, in _wrapper
    return bound_method(*args, **kwargs)
  File "/home/lqs/桌面/py-project-fresh/dfresh/venv/lib/python3.10/site-packages/django/utils/decorators.py", line 133, in _wrapped_view
    response = view_func(request, *args, **kwargs)
  File "/home/lqs/桌面/py-project-fresh/dfresh/venv/lib/python3.10/site-packages/django/contrib/admin/options.py", line 1745, in changeform_view
    return self._changeform_view(request, object_id, form_url, extra_context)
  File "/home/lqs/桌面/py-project-fresh/dfresh/venv/lib/python3.10/site-packages/django/contrib/admin/options.py", line 1797, in _changeform_view
    self.save_model(request, new_object, form, not add)
  File "/home/lqs/桌面/py-project-fresh/dfresh/venv/lib/python3.10/site-packages/django/contrib/admin/options.py", line 1220, in save_model
    obj.save()
  File "/home/lqs/桌面/py-project-fresh/dfresh/venv/lib/python3.10/site-packages/django/db/models/base.py", line 806, in save
    self.save_base(
  File "/home/lqs/桌面/py-project-fresh/dfresh/venv/lib/python3.10/site-packages/django/db/models/base.py", line 857, in save_base
    updated = self._save_table(
  File "/home/lqs/桌面/py-project-fresh/dfresh/venv/lib/python3.10/site-packages/django/db/models/base.py", line 1000, in _save_table
    results = self._do_insert(
  File "/home/lqs/桌面/py-project-fresh/dfresh/venv/lib/python3.10/site-packages/django/db/models/base.py", line 1041, in _do_insert
    return manager._insert(
  File "/home/lqs/桌面/py-project-fresh/dfresh/venv/lib/python3.10/site-packages/django/db/models/manager.py", line 85, in manager_method
    return getattr(self.get_queryset(), name)(*args, **kwargs)
  File "/home/lqs/桌面/py-project-fresh/dfresh/venv/lib/python3.10/site-packages/django/db/models/query.py", line 1434, in _insert
    return query.get_compiler(using=using).execute_sql(returning_fields)
  File "/home/lqs/桌面/py-project-fresh/dfresh/venv/lib/python3.10/site-packages/django/db/models/sql/compiler.py", line 1620, in execute_sql
    for sql, params in self.as_sql():
  File "/home/lqs/桌面/py-project-fresh/dfresh/venv/lib/python3.10/site-packages/django/db/models/sql/compiler.py", line 1547, in as_sql
    value_rows = [
  File "/home/lqs/桌面/py-project-fresh/dfresh/venv/lib/python3.10/site-packages/django/db/models/sql/compiler.py", line 1548, in <listcomp>
    [
  File "/home/lqs/桌面/py-project-fresh/dfresh/venv/lib/python3.10/site-packages/django/db/models/sql/compiler.py", line 1549, in <listcomp>
    self.prepare_value(field, self.pre_save_val(field, obj))
  File "/home/lqs/桌面/py-project-fresh/dfresh/venv/lib/python3.10/site-packages/django/db/models/sql/compiler.py", line 1497, in pre_save_val
    return field.pre_save(obj, add=True)
  File "/home/lqs/桌面/py-project-fresh/dfresh/venv/lib/python3.10/site-packages/django/db/models/fields/files.py", line 316, in pre_save
    file.save(file.name, file.file, save=False)
  File "/home/lqs/桌面/py-project-fresh/dfresh/venv/lib/python3.10/site-packages/django/db/models/fields/files.py", line 91, in save
    name = self.field.generate_filename(self.instance, name)
  File "/home/lqs/桌面/py-project-fresh/dfresh/venv/lib/python3.10/site-packages/django/db/models/fields/files.py", line 336, in generate_filename
    return self.storage.generate_filename(filename)
  File "/home/lqs/桌面/py-project-fresh/dfresh/venv/lib/python3.10/site-packages/django/utils/functional.py", line 258, in inner
    self._setup()
  File "/home/lqs/桌面/py-project-fresh/dfresh/venv/lib/python3.10/site-packages/django/core/files/storage.py", line 413, in _setup
    self._wrapped = get_storage_class()()
  File "/home/lqs/桌面/py-project-fresh/dfresh/venv/lib/python3.10/site-packages/django/core/files/storage.py", line 408, in get_storage_class
    return import_string(import_path or settings.DEFAULT_FILE_STORAGE)
  File "/home/lqs/桌面/py-project-fresh/dfresh/venv/lib/python3.10/site-packages/django/utils/module_loading.py", line 30, in import_string
    return cached_import(module_path, class_name)
  File "/home/lqs/桌面/py-project-fresh/dfresh/venv/lib/python3.10/site-packages/django/utils/module_loading.py", line 15, in cached_import
    import_module(module_path)
  File "/usr/lib/python3.10/importlib/__init__.py", line 126, in import_module
    return _bootstrap._gcd_import(name[level:], package, level)
  File "<frozen importlib._bootstrap>", line 1050, in _gcd_import
  File "<frozen importlib._bootstrap>", line 1027, in _find_and_load
  File "<frozen importlib._bootstrap>", line 992, in _find_and_load_unlocked
  File "<frozen importlib._bootstrap>", line 241, in _call_with_frames_removed
  File "<frozen importlib._bootstrap>", line 1050, in _gcd_import
  File "<frozen importlib._bootstrap>", line 1027, in _find_and_load
  File "<frozen importlib._bootstrap>", line 1004, in _find_and_load_unlocked
ModuleNotFoundError: No module named 'aliyun_oss2_storage'
[2022-05-31 21:23:59,310] [ERROR] "POST /admin/goods/goodstype/add/ HTTP/1.1" 500 227356
[2022-05-31 21:24:46,011] [ERROR] Internal Server Error: /admin/goods/goodstype/add/
Traceback (most recent call last):
  File "/home/lqs/桌面/py-project-fresh/dfresh/venv/lib/python3.10/site-packages/django/core/handlers/exception.py", line 55, in inner
    response = get_response(request)
  File "/home/lqs/桌面/py-project-fresh/dfresh/venv/lib/python3.10/site-packages/django/core/handlers/base.py", line 197, in _get_response
    response = wrapped_callback(request, *callback_args, **callback_kwargs)
  File "/home/lqs/桌面/py-project-fresh/dfresh/venv/lib/python3.10/site-packages/django/contrib/admin/options.py", line 683, in wrapper
    return self.admin_site.admin_view(view)(*args, **kwargs)
  File "/home/lqs/桌面/py-project-fresh/dfresh/venv/lib/python3.10/site-packages/django/utils/decorators.py", line 133, in _wrapped_view
    response = view_func(request, *args, **kwargs)
  File "/home/lqs/桌面/py-project-fresh/dfresh/venv/lib/python3.10/site-packages/django/views/decorators/cache.py", line 62, in _wrapped_view_func
    response = view_func(request, *args, **kwargs)
  File "/home/lqs/桌面/py-project-fresh/dfresh/venv/lib/python3.10/site-packages/django/contrib/admin/sites.py", line 242, in inner
    return view(request, *args, **kwargs)
  File "/home/lqs/桌面/py-project-fresh/dfresh/venv/lib/python3.10/site-packages/django/contrib/admin/options.py", line 1885, in add_view
    return self.changeform_view(request, None, form_url, extra_context)
  File "/home/lqs/桌面/py-project-fresh/dfresh/venv/lib/python3.10/site-packages/django/utils/decorators.py", line 46, in _wrapper
    return bound_method(*args, **kwargs)
  File "/home/lqs/桌面/py-project-fresh/dfresh/venv/lib/python3.10/site-packages/django/utils/decorators.py", line 133, in _wrapped_view
    response = view_func(request, *args, **kwargs)
  File "/home/lqs/桌面/py-project-fresh/dfresh/venv/lib/python3.10/site-packages/django/contrib/admin/options.py", line 1745, in changeform_view
    return self._changeform_view(request, object_id, form_url, extra_context)
  File "/home/lqs/桌面/py-project-fresh/dfresh/venv/lib/python3.10/site-packages/django/contrib/admin/options.py", line 1797, in _changeform_view
    self.save_model(request, new_object, form, not add)
  File "/home/lqs/桌面/py-project-fresh/dfresh/venv/lib/python3.10/site-packages/django/contrib/admin/options.py", line 1220, in save_model
    obj.save()
  File "/home/lqs/桌面/py-project-fresh/dfresh/venv/lib/python3.10/site-packages/django/db/models/base.py", line 806, in save
    self.save_base(
  File "/home/lqs/桌面/py-project-fresh/dfresh/venv/lib/python3.10/site-packages/django/db/models/base.py", line 857, in save_base
    updated = self._save_table(
  File "/home/lqs/桌面/py-project-fresh/dfresh/venv/lib/python3.10/site-packages/django/db/models/base.py", line 1000, in _save_table
    results = self._do_insert(
  File "/home/lqs/桌面/py-project-fresh/dfresh/venv/lib/python3.10/site-packages/django/db/models/base.py", line 1041, in _do_insert
    return manager._insert(
  File "/home/lqs/桌面/py-project-fresh/dfresh/venv/lib/python3.10/site-packages/django/db/models/manager.py", line 85, in manager_method
    return getattr(self.get_queryset(), name)(*args, **kwargs)
  File "/home/lqs/桌面/py-project-fresh/dfresh/venv/lib/python3.10/site-packages/django/db/models/query.py", line 1434, in _insert
    return query.get_compiler(using=using).execute_sql(returning_fields)
  File "/home/lqs/桌面/py-project-fresh/dfresh/venv/lib/python3.10/site-packages/django/db/models/sql/compiler.py", line 1620, in execute_sql
    for sql, params in self.as_sql():
  File "/home/lqs/桌面/py-project-fresh/dfresh/venv/lib/python3.10/site-packages/django/db/models/sql/compiler.py", line 1547, in as_sql
    value_rows = [
  File "/home/lqs/桌面/py-project-fresh/dfresh/venv/lib/python3.10/site-packages/django/db/models/sql/compiler.py", line 1548, in <listcomp>
    [
  File "/home/lqs/桌面/py-project-fresh/dfresh/venv/lib/python3.10/site-packages/django/db/models/sql/compiler.py", line 1549, in <listcomp>
    self.prepare_value(field, self.pre_save_val(field, obj))
  File "/home/lqs/桌面/py-project-fresh/dfresh/venv/lib/python3.10/site-packages/django/db/models/sql/compiler.py", line 1497, in pre_save_val
    return field.pre_save(obj, add=True)
  File "/home/lqs/桌面/py-project-fresh/dfresh/venv/lib/python3.10/site-packages/django/db/models/fields/files.py", line 316, in pre_save
    file.save(file.name, file.file, save=False)
  File "/home/lqs/桌面/py-project-fresh/dfresh/venv/lib/python3.10/site-packages/django/db/models/fields/files.py", line 91, in save
    name = self.field.generate_filename(self.instance, name)
  File "/home/lqs/桌面/py-project-fresh/dfresh/venv/lib/python3.10/site-packages/django/db/models/fields/files.py", line 336, in generate_filename
    return self.storage.generate_filename(filename)
  File "/home/lqs/桌面/py-project-fresh/dfresh/venv/lib/python3.10/site-packages/django/utils/functional.py", line 258, in inner
    self._setup()
  File "/home/lqs/桌面/py-project-fresh/dfresh/venv/lib/python3.10/site-packages/django/core/files/storage.py", line 413, in _setup
    self._wrapped = get_storage_class()()
  File "/home/lqs/桌面/py-project-fresh/dfresh/venv/lib/python3.10/site-packages/django/core/files/storage.py", line 408, in get_storage_class
    return import_string(import_path or settings.DEFAULT_FILE_STORAGE)
  File "/home/lqs/桌面/py-project-fresh/dfresh/venv/lib/python3.10/site-packages/django/utils/module_loading.py", line 30, in import_string
    return cached_import(module_path, class_name)
  File "/home/lqs/桌面/py-project-fresh/dfresh/venv/lib/python3.10/site-packages/django/utils/module_loading.py", line 15, in cached_import
    import_module(module_path)
  File "/usr/lib/python3.10/importlib/__init__.py", line 126, in import_module
    return _bootstrap._gcd_import(name[level:], package, level)
  File "<frozen importlib._bootstrap>", line 1050, in _gcd_import
  File "<frozen importlib._bootstrap>", line 1027, in _find_and_load
  File "<frozen importlib._bootstrap>", line 992, in _find_and_load_unlocked
  File "<frozen importlib._bootstrap>", line 241, in _call_with_frames_removed
  File "<frozen importlib._bootstrap>", line 1050, in _gcd_import
  File "<frozen importlib._bootstrap>", line 1027, in _find_and_load
  File "<frozen importlib._bootstrap>", line 1004, in _find_and_load_unlocked
ModuleNotFoundError: No module named 'aliyun_oss2_storage'
[2022-05-31 21:24:46,012] [ERROR] "POST /admin/goods/goodstype/add/ HTTP/1.1" 500 227356
[2022-05-31 21:25:08,662] [ERROR] Internal Server Error: /admin/goods/goodstype/add/
Traceback (most recent call last):
  File "/home/lqs/桌面/py-project-fresh/dfresh/venv/lib/python3.10/site-packages/django/core/handlers/exception.py", line 55, in inner
    response = get_response(request)
  File "/home/lqs/桌面/py-project-fresh/dfresh/venv/lib/python3.10/site-packages/django/core/handlers/base.py", line 197, in _get_response
    response = wrapped_callback(request, *callback_args, **callback_kwargs)
  File "/home/lqs/桌面/py-project-fresh/dfresh/venv/lib/python3.10/site-packages/django/contrib/admin/options.py", line 683, in wrapper
    return self.admin_site.admin_view(view)(*args, **kwargs)
  File "/home/lqs/桌面/py-project-fresh/dfresh/venv/lib/python3.10/site-packages/django/utils/decorators.py", line 133, in _wrapped_view
    response = view_func(request, *args, **kwargs)
  File "/home/lqs/桌面/py-project-fresh/dfresh/venv/lib/python3.10/site-packages/django/views/decorators/cache.py", line 62, in _wrapped_view_func
    response = view_func(request, *args, **kwargs)
  File "/home/lqs/桌面/py-project-fresh/dfresh/venv/lib/python3.10/site-packages/django/contrib/admin/sites.py", line 242, in inner
    return view(request, *args, **kwargs)
  File "/home/lqs/桌面/py-project-fresh/dfresh/venv/lib/python3.10/site-packages/django/contrib/admin/options.py", line 1885, in add_view
    return self.changeform_view(request, None, form_url, extra_context)
  File "/home/lqs/桌面/py-project-fresh/dfresh/venv/lib/python3.10/site-packages/django/utils/decorators.py", line 46, in _wrapper
    return bound_method(*args, **kwargs)
  File "/home/lqs/桌面/py-project-fresh/dfresh/venv/lib/python3.10/site-packages/django/utils/decorators.py", line 133, in _wrapped_view
    response = view_func(request, *args, **kwargs)
  File "/home/lqs/桌面/py-project-fresh/dfresh/venv/lib/python3.10/site-packages/django/contrib/admin/options.py", line 1745, in changeform_view
    return self._changeform_view(request, object_id, form_url, extra_context)
  File "/home/lqs/桌面/py-project-fresh/dfresh/venv/lib/python3.10/site-packages/django/contrib/admin/options.py", line 1797, in _changeform_view
    self.save_model(request, new_object, form, not add)
  File "/home/lqs/桌面/py-project-fresh/dfresh/venv/lib/python3.10/site-packages/django/contrib/admin/options.py", line 1220, in save_model
    obj.save()
  File "/home/lqs/桌面/py-project-fresh/dfresh/venv/lib/python3.10/site-packages/django/db/models/base.py", line 806, in save
    self.save_base(
  File "/home/lqs/桌面/py-project-fresh/dfresh/venv/lib/python3.10/site-packages/django/db/models/base.py", line 857, in save_base
    updated = self._save_table(
  File "/home/lqs/桌面/py-project-fresh/dfresh/venv/lib/python3.10/site-packages/django/db/models/base.py", line 1000, in _save_table
    results = self._do_insert(
  File "/home/lqs/桌面/py-project-fresh/dfresh/venv/lib/python3.10/site-packages/django/db/models/base.py", line 1041, in _do_insert
    return manager._insert(
  File "/home/lqs/桌面/py-project-fresh/dfresh/venv/lib/python3.10/site-packages/django/db/models/manager.py", line 85, in manager_method
    return getattr(self.get_queryset(), name)(*args, **kwargs)
  File "/home/lqs/桌面/py-project-fresh/dfresh/venv/lib/python3.10/site-packages/django/db/models/query.py", line 1434, in _insert
    return query.get_compiler(using=using).execute_sql(returning_fields)
  File "/home/lqs/桌面/py-project-fresh/dfresh/venv/lib/python3.10/site-packages/django/db/models/sql/compiler.py", line 1620, in execute_sql
    for sql, params in self.as_sql():
  File "/home/lqs/桌面/py-project-fresh/dfresh/venv/lib/python3.10/site-packages/django/db/models/sql/compiler.py", line 1547, in as_sql
    value_rows = [
  File "/home/lqs/桌面/py-project-fresh/dfresh/venv/lib/python3.10/site-packages/django/db/models/sql/compiler.py", line 1548, in <listcomp>
    [
  File "/home/lqs/桌面/py-project-fresh/dfresh/venv/lib/python3.10/site-packages/django/db/models/sql/compiler.py", line 1549, in <listcomp>
    self.prepare_value(field, self.pre_save_val(field, obj))
  File "/home/lqs/桌面/py-project-fresh/dfresh/venv/lib/python3.10/site-packages/django/db/models/sql/compiler.py", line 1497, in pre_save_val
    return field.pre_save(obj, add=True)
  File "/home/lqs/桌面/py-project-fresh/dfresh/venv/lib/python3.10/site-packages/django/db/models/fields/files.py", line 316, in pre_save
    file.save(file.name, file.file, save=False)
  File "/home/lqs/桌面/py-project-fresh/dfresh/venv/lib/python3.10/site-packages/django/db/models/fields/files.py", line 91, in save
    name = self.field.generate_filename(self.instance, name)
  File "/home/lqs/桌面/py-project-fresh/dfresh/venv/lib/python3.10/site-packages/django/db/models/fields/files.py", line 336, in generate_filename
    return self.storage.generate_filename(filename)
  File "/home/lqs/桌面/py-project-fresh/dfresh/venv/lib/python3.10/site-packages/django/utils/functional.py", line 258, in inner
    self._setup()
  File "/home/lqs/桌面/py-project-fresh/dfresh/venv/lib/python3.10/site-packages/django/core/files/storage.py", line 413, in _setup
    self._wrapped = get_storage_class()()
  File "/home/lqs/桌面/py-project-fresh/dfresh/venv/lib/python3.10/site-packages/django/core/files/storage.py", line 408, in get_storage_class
    return import_string(import_path or settings.DEFAULT_FILE_STORAGE)
  File "/home/lqs/桌面/py-project-fresh/dfresh/venv/lib/python3.10/site-packages/django/utils/module_loading.py", line 30, in import_string
    return cached_import(module_path, class_name)
  File "/home/lqs/桌面/py-project-fresh/dfresh/venv/lib/python3.10/site-packages/django/utils/module_loading.py", line 15, in cached_import
    import_module(module_path)
  File "/usr/lib/python3.10/importlib/__init__.py", line 126, in import_module
    return _bootstrap._gcd_import(name[level:], package, level)
  File "<frozen importlib._bootstrap>", line 1050, in _gcd_import
  File "<frozen importlib._bootstrap>", line 1027, in _find_and_load
  File "<frozen importlib._bootstrap>", line 992, in _find_and_load_unlocked
  File "<frozen importlib._bootstrap>", line 241, in _call_with_frames_removed
  File "<frozen importlib._bootstrap>", line 1050, in _gcd_import
  File "<frozen importlib._bootstrap>", line 1027, in _find_and_load
  File "<frozen importlib._bootstrap>", line 1004, in _find_and_load_unlocked
ModuleNotFoundError: No module named 'aliyun_oss2_storage'
[2022-05-31 21:25:08,666] [ERROR] "POST /admin/goods/goodstype/add/ HTTP/1.1" 500 227356
[2022-05-31 21:25:38,272] [ERROR] Internal Server Error: /admin/goods/goodstype/add/
Traceback (most recent call last):
  File "/home/lqs/桌面/py-project-fresh/dfresh/venv/lib/python3.10/site-packages/django/core/handlers/exception.py", line 55, in inner
    response = get_response(request)
  File "/home/lqs/桌面/py-project-fresh/dfresh/venv/lib/python3.10/site-packages/django/core/handlers/base.py", line 197, in _get_response
    response = wrapped_callback(request, *callback_args, **callback_kwargs)
  File "/home/lqs/桌面/py-project-fresh/dfresh/venv/lib/python3.10/site-packages/django/contrib/admin/options.py", line 683, in wrapper
    return self.admin_site.admin_view(view)(*args, **kwargs)
  File "/home/lqs/桌面/py-project-fresh/dfresh/venv/lib/python3.10/site-packages/django/utils/decorators.py", line 133, in _wrapped_view
    response = view_func(request, *args, **kwargs)
  File "/home/lqs/桌面/py-project-fresh/dfresh/venv/lib/python3.10/site-packages/django/views/decorators/cache.py", line 62, in _wrapped_view_func
    response = view_func(request, *args, **kwargs)
  File "/home/lqs/桌面/py-project-fresh/dfresh/venv/lib/python3.10/site-packages/django/contrib/admin/sites.py", line 242, in inner
    return view(request, *args, **kwargs)
  File "/home/lqs/桌面/py-project-fresh/dfresh/venv/lib/python3.10/site-packages/django/contrib/admin/options.py", line 1885, in add_view
    return self.changeform_view(request, None, form_url, extra_context)
  File "/home/lqs/桌面/py-project-fresh/dfresh/venv/lib/python3.10/site-packages/django/utils/decorators.py", line 46, in _wrapper
    return bound_method(*args, **kwargs)
  File "/home/lqs/桌面/py-project-fresh/dfresh/venv/lib/python3.10/site-packages/django/utils/decorators.py", line 133, in _wrapped_view
    response = view_func(request, *args, **kwargs)
  File "/home/lqs/桌面/py-project-fresh/dfresh/venv/lib/python3.10/site-packages/django/contrib/admin/options.py", line 1745, in changeform_view
    return self._changeform_view(request, object_id, form_url, extra_context)
  File "/home/lqs/桌面/py-project-fresh/dfresh/venv/lib/python3.10/site-packages/django/contrib/admin/options.py", line 1797, in _changeform_view
    self.save_model(request, new_object, form, not add)
  File "/home/lqs/桌面/py-project-fresh/dfresh/venv/lib/python3.10/site-packages/django/contrib/admin/options.py", line 1220, in save_model
    obj.save()
  File "/home/lqs/桌面/py-project-fresh/dfresh/venv/lib/python3.10/site-packages/django/db/models/base.py", line 806, in save
    self.save_base(
  File "/home/lqs/桌面/py-project-fresh/dfresh/venv/lib/python3.10/site-packages/django/db/models/base.py", line 857, in save_base
    updated = self._save_table(
  File "/home/lqs/桌面/py-project-fresh/dfresh/venv/lib/python3.10/site-packages/django/db/models/base.py", line 1000, in _save_table
    results = self._do_insert(
  File "/home/lqs/桌面/py-project-fresh/dfresh/venv/lib/python3.10/site-packages/django/db/models/base.py", line 1041, in _do_insert
    return manager._insert(
  File "/home/lqs/桌面/py-project-fresh/dfresh/venv/lib/python3.10/site-packages/django/db/models/manager.py", line 85, in manager_method
    return getattr(self.get_queryset(), name)(*args, **kwargs)
  File "/home/lqs/桌面/py-project-fresh/dfresh/venv/lib/python3.10/site-packages/django/db/models/query.py", line 1434, in _insert
    return query.get_compiler(using=using).execute_sql(returning_fields)
  File "/home/lqs/桌面/py-project-fresh/dfresh/venv/lib/python3.10/site-packages/django/db/models/sql/compiler.py", line 1620, in execute_sql
    for sql, params in self.as_sql():
  File "/home/lqs/桌面/py-project-fresh/dfresh/venv/lib/python3.10/site-packages/django/db/models/sql/compiler.py", line 1547, in as_sql
    value_rows = [
  File "/home/lqs/桌面/py-project-fresh/dfresh/venv/lib/python3.10/site-packages/django/db/models/sql/compiler.py", line 1548, in <listcomp>
    [
  File "/home/lqs/桌面/py-project-fresh/dfresh/venv/lib/python3.10/site-packages/django/db/models/sql/compiler.py", line 1549, in <listcomp>
    self.prepare_value(field, self.pre_save_val(field, obj))
  File "/home/lqs/桌面/py-project-fresh/dfresh/venv/lib/python3.10/site-packages/django/db/models/sql/compiler.py", line 1497, in pre_save_val
    return field.pre_save(obj, add=True)
  File "/home/lqs/桌面/py-project-fresh/dfresh/venv/lib/python3.10/site-packages/django/db/models/fields/files.py", line 316, in pre_save
    file.save(file.name, file.file, save=False)
  File "/home/lqs/桌面/py-project-fresh/dfresh/venv/lib/python3.10/site-packages/django/db/models/fields/files.py", line 91, in save
    name = self.field.generate_filename(self.instance, name)
  File "/home/lqs/桌面/py-project-fresh/dfresh/venv/lib/python3.10/site-packages/django/db/models/fields/files.py", line 336, in generate_filename
    return self.storage.generate_filename(filename)
  File "/home/lqs/桌面/py-project-fresh/dfresh/venv/lib/python3.10/site-packages/django/utils/functional.py", line 258, in inner
    self._setup()
  File "/home/lqs/桌面/py-project-fresh/dfresh/venv/lib/python3.10/site-packages/django/core/files/storage.py", line 413, in _setup
    self._wrapped = get_storage_class()()
  File "/home/lqs/桌面/py-project-fresh/dfresh/venv/lib/python3.10/site-packages/django/core/files/storage.py", line 408, in get_storage_class
    return import_string(import_path or settings.DEFAULT_FILE_STORAGE)
  File "/home/lqs/桌面/py-project-fresh/dfresh/venv/lib/python3.10/site-packages/django/utils/module_loading.py", line 30, in import_string
    return cached_import(module_path, class_name)
  File "/home/lqs/桌面/py-project-fresh/dfresh/venv/lib/python3.10/site-packages/django/utils/module_loading.py", line 15, in cached_import
    import_module(module_path)
  File "/usr/lib/python3.10/importlib/__init__.py", line 126, in import_module
    return _bootstrap._gcd_import(name[level:], package, level)
  File "<frozen importlib._bootstrap>", line 1050, in _gcd_import
  File "<frozen importlib._bootstrap>", line 1027, in _find_and_load
  File "<frozen importlib._bootstrap>", line 992, in _find_and_load_unlocked
  File "<frozen importlib._bootstrap>", line 241, in _call_with_frames_removed
  File "<frozen importlib._bootstrap>", line 1050, in _gcd_import
  File "<frozen importlib._bootstrap>", line 1027, in _find_and_load
  File "<frozen importlib._bootstrap>", line 1004, in _find_and_load_unlocked
ModuleNotFoundError: No module named 'aliyun_oss2_storage'
[2022-05-31 21:25:38,273] [ERROR] "POST /admin/goods/goodstype/add/ HTTP/1.1" 500 227356
[2022-05-31 21:26:23,674] [ERROR] Internal Server Error: /admin/goods/goodstype/add/
Traceback (most recent call last):
  File "/home/lqs/桌面/py-project-fresh/dfresh/venv/lib/python3.10/site-packages/django/core/handlers/exception.py", line 55, in inner
    response = get_response(request)
  File "/home/lqs/桌面/py-project-fresh/dfresh/venv/lib/python3.10/site-packages/django/core/handlers/base.py", line 197, in _get_response
    response = wrapped_callback(request, *callback_args, **callback_kwargs)
  File "/home/lqs/桌面/py-project-fresh/dfresh/venv/lib/python3.10/site-packages/django/contrib/admin/options.py", line 683, in wrapper
    return self.admin_site.admin_view(view)(*args, **kwargs)
  File "/home/lqs/桌面/py-project-fresh/dfresh/venv/lib/python3.10/site-packages/django/utils/decorators.py", line 133, in _wrapped_view
    response = view_func(request, *args, **kwargs)
  File "/home/lqs/桌面/py-project-fresh/dfresh/venv/lib/python3.10/site-packages/django/views/decorators/cache.py", line 62, in _wrapped_view_func
    response = view_func(request, *args, **kwargs)
  File "/home/lqs/桌面/py-project-fresh/dfresh/venv/lib/python3.10/site-packages/django/contrib/admin/sites.py", line 242, in inner
    return view(request, *args, **kwargs)
  File "/home/lqs/桌面/py-project-fresh/dfresh/venv/lib/python3.10/site-packages/django/contrib/admin/options.py", line 1885, in add_view
    return self.changeform_view(request, None, form_url, extra_context)
  File "/home/lqs/桌面/py-project-fresh/dfresh/venv/lib/python3.10/site-packages/django/utils/decorators.py", line 46, in _wrapper
    return bound_method(*args, **kwargs)
  File "/home/lqs/桌面/py-project-fresh/dfresh/venv/lib/python3.10/site-packages/django/utils/decorators.py", line 133, in _wrapped_view
    response = view_func(request, *args, **kwargs)
  File "/home/lqs/桌面/py-project-fresh/dfresh/venv/lib/python3.10/site-packages/django/contrib/admin/options.py", line 1745, in changeform_view
    return self._changeform_view(request, object_id, form_url, extra_context)
  File "/home/lqs/桌面/py-project-fresh/dfresh/venv/lib/python3.10/site-packages/django/contrib/admin/options.py", line 1797, in _changeform_view
    self.save_model(request, new_object, form, not add)
  File "/home/lqs/桌面/py-project-fresh/dfresh/venv/lib/python3.10/site-packages/django/contrib/admin/options.py", line 1220, in save_model
    obj.save()
  File "/home/lqs/桌面/py-project-fresh/dfresh/venv/lib/python3.10/site-packages/django/db/models/base.py", line 806, in save
    self.save_base(
  File "/home/lqs/桌面/py-project-fresh/dfresh/venv/lib/python3.10/site-packages/django/db/models/base.py", line 857, in save_base
    updated = self._save_table(
  File "/home/lqs/桌面/py-project-fresh/dfresh/venv/lib/python3.10/site-packages/django/db/models/base.py", line 1000, in _save_table
    results = self._do_insert(
  File "/home/lqs/桌面/py-project-fresh/dfresh/venv/lib/python3.10/site-packages/django/db/models/base.py", line 1041, in _do_insert
    return manager._insert(
  File "/home/lqs/桌面/py-project-fresh/dfresh/venv/lib/python3.10/site-packages/django/db/models/manager.py", line 85, in manager_method
    return getattr(self.get_queryset(), name)(*args, **kwargs)
  File "/home/lqs/桌面/py-project-fresh/dfresh/venv/lib/python3.10/site-packages/django/db/models/query.py", line 1434, in _insert
    return query.get_compiler(using=using).execute_sql(returning_fields)
  File "/home/lqs/桌面/py-project-fresh/dfresh/venv/lib/python3.10/site-packages/django/db/models/sql/compiler.py", line 1620, in execute_sql
    for sql, params in self.as_sql():
  File "/home/lqs/桌面/py-project-fresh/dfresh/venv/lib/python3.10/site-packages/django/db/models/sql/compiler.py", line 1547, in as_sql
    value_rows = [
  File "/home/lqs/桌面/py-project-fresh/dfresh/venv/lib/python3.10/site-packages/django/db/models/sql/compiler.py", line 1548, in <listcomp>
    [
  File "/home/lqs/桌面/py-project-fresh/dfresh/venv/lib/python3.10/site-packages/django/db/models/sql/compiler.py", line 1549, in <listcomp>
    self.prepare_value(field, self.pre_save_val(field, obj))
  File "/home/lqs/桌面/py-project-fresh/dfresh/venv/lib/python3.10/site-packages/django/db/models/sql/compiler.py", line 1497, in pre_save_val
    return field.pre_save(obj, add=True)
  File "/home/lqs/桌面/py-project-fresh/dfresh/venv/lib/python3.10/site-packages/django/db/models/fields/files.py", line 316, in pre_save
    file.save(file.name, file.file, save=False)
  File "/home/lqs/桌面/py-project-fresh/dfresh/venv/lib/python3.10/site-packages/django/db/models/fields/files.py", line 91, in save
    name = self.field.generate_filename(self.instance, name)
  File "/home/lqs/桌面/py-project-fresh/dfresh/venv/lib/python3.10/site-packages/django/db/models/fields/files.py", line 336, in generate_filename
    return self.storage.generate_filename(filename)
  File "/home/lqs/桌面/py-project-fresh/dfresh/venv/lib/python3.10/site-packages/django/utils/functional.py", line 258, in inner
    self._setup()
  File "/home/lqs/桌面/py-project-fresh/dfresh/venv/lib/python3.10/site-packages/django/core/files/storage.py", line 413, in _setup
    self._wrapped = get_storage_class()()
  File "/home/lqs/桌面/py-project-fresh/dfresh/venv/lib/python3.10/site-packages/django/core/files/storage.py", line 408, in get_storage_class
    return import_string(import_path or settings.DEFAULT_FILE_STORAGE)
  File "/home/lqs/桌面/py-project-fresh/dfresh/venv/lib/python3.10/site-packages/django/utils/module_loading.py", line 30, in import_string
    return cached_import(module_path, class_name)
  File "/home/lqs/桌面/py-project-fresh/dfresh/venv/lib/python3.10/site-packages/django/utils/module_loading.py", line 15, in cached_import
    import_module(module_path)
  File "/usr/lib/python3.10/importlib/__init__.py", line 126, in import_module
    return _bootstrap._gcd_import(name[level:], package, level)
  File "<frozen importlib._bootstrap>", line 1050, in _gcd_import
  File "<frozen importlib._bootstrap>", line 1027, in _find_and_load
  File "<frozen importlib._bootstrap>", line 992, in _find_and_load_unlocked
  File "<frozen importlib._bootstrap>", line 241, in _call_with_frames_removed
  File "<frozen importlib._bootstrap>", line 1050, in _gcd_import
  File "<frozen importlib._bootstrap>", line 1027, in _find_and_load
  File "<frozen importlib._bootstrap>", line 1004, in _find_and_load_unlocked
ModuleNotFoundError: No module named 'aliyun_oss2_storage'
[2022-05-31 21:26:23,676] [ERROR] "POST /admin/goods/goodstype/add/ HTTP/1.1" 500 227356
[2022-05-31 21:28:06,035] [ERROR] Internal Server Error: /admin/goods/goodstype/add/
Traceback (most recent call last):
  File "/home/lqs/桌面/py-project-fresh/dfresh/venv/lib/python3.10/site-packages/django/core/handlers/exception.py", line 55, in inner
    response = get_response(request)
  File "/home/lqs/桌面/py-project-fresh/dfresh/venv/lib/python3.10/site-packages/django/core/handlers/base.py", line 197, in _get_response
    response = wrapped_callback(request, *callback_args, **callback_kwargs)
  File "/home/lqs/桌面/py-project-fresh/dfresh/venv/lib/python3.10/site-packages/django/contrib/admin/options.py", line 683, in wrapper
    return self.admin_site.admin_view(view)(*args, **kwargs)
  File "/home/lqs/桌面/py-project-fresh/dfresh/venv/lib/python3.10/site-packages/django/utils/decorators.py", line 133, in _wrapped_view
    response = view_func(request, *args, **kwargs)
  File "/home/lqs/桌面/py-project-fresh/dfresh/venv/lib/python3.10/site-packages/django/views/decorators/cache.py", line 62, in _wrapped_view_func
    response = view_func(request, *args, **kwargs)
  File "/home/lqs/桌面/py-project-fresh/dfresh/venv/lib/python3.10/site-packages/django/contrib/admin/sites.py", line 242, in inner
    return view(request, *args, **kwargs)
  File "/home/lqs/桌面/py-project-fresh/dfresh/venv/lib/python3.10/site-packages/django/contrib/admin/options.py", line 1885, in add_view
    return self.changeform_view(request, None, form_url, extra_context)
  File "/home/lqs/桌面/py-project-fresh/dfresh/venv/lib/python3.10/site-packages/django/utils/decorators.py", line 46, in _wrapper
    return bound_method(*args, **kwargs)
  File "/home/lqs/桌面/py-project-fresh/dfresh/venv/lib/python3.10/site-packages/django/utils/decorators.py", line 133, in _wrapped_view
    response = view_func(request, *args, **kwargs)
  File "/home/lqs/桌面/py-project-fresh/dfresh/venv/lib/python3.10/site-packages/django/contrib/admin/options.py", line 1745, in changeform_view
    return self._changeform_view(request, object_id, form_url, extra_context)
  File "/home/lqs/桌面/py-project-fresh/dfresh/venv/lib/python3.10/site-packages/django/contrib/admin/options.py", line 1797, in _changeform_view
    self.save_model(request, new_object, form, not add)
  File "/home/lqs/桌面/py-project-fresh/dfresh/venv/lib/python3.10/site-packages/django/contrib/admin/options.py", line 1220, in save_model
    obj.save()
  File "/home/lqs/桌面/py-project-fresh/dfresh/venv/lib/python3.10/site-packages/django/db/models/base.py", line 806, in save
    self.save_base(
  File "/home/lqs/桌面/py-project-fresh/dfresh/venv/lib/python3.10/site-packages/django/db/models/base.py", line 857, in save_base
    updated = self._save_table(
  File "/home/lqs/桌面/py-project-fresh/dfresh/venv/lib/python3.10/site-packages/django/db/models/base.py", line 1000, in _save_table
    results = self._do_insert(
  File "/home/lqs/桌面/py-project-fresh/dfresh/venv/lib/python3.10/site-packages/django/db/models/base.py", line 1041, in _do_insert
    return manager._insert(
  File "/home/lqs/桌面/py-project-fresh/dfresh/venv/lib/python3.10/site-packages/django/db/models/manager.py", line 85, in manager_method
    return getattr(self.get_queryset(), name)(*args, **kwargs)
  File "/home/lqs/桌面/py-project-fresh/dfresh/venv/lib/python3.10/site-packages/django/db/models/query.py", line 1434, in _insert
    return query.get_compiler(using=using).execute_sql(returning_fields)
  File "/home/lqs/桌面/py-project-fresh/dfresh/venv/lib/python3.10/site-packages/django/db/models/sql/compiler.py", line 1620, in execute_sql
    for sql, params in self.as_sql():
  File "/home/lqs/桌面/py-project-fresh/dfresh/venv/lib/python3.10/site-packages/django/db/models/sql/compiler.py", line 1547, in as_sql
    value_rows = [
  File "/home/lqs/桌面/py-project-fresh/dfresh/venv/lib/python3.10/site-packages/django/db/models/sql/compiler.py", line 1548, in <listcomp>
    [
  File "/home/lqs/桌面/py-project-fresh/dfresh/venv/lib/python3.10/site-packages/django/db/models/sql/compiler.py", line 1549, in <listcomp>
    self.prepare_value(field, self.pre_save_val(field, obj))
  File "/home/lqs/桌面/py-project-fresh/dfresh/venv/lib/python3.10/site-packages/django/db/models/sql/compiler.py", line 1497, in pre_save_val
    return field.pre_save(obj, add=True)
  File "/home/lqs/桌面/py-project-fresh/dfresh/venv/lib/python3.10/site-packages/django/db/models/fields/files.py", line 316, in pre_save
    file.save(file.name, file.file, save=False)
  File "/home/lqs/桌面/py-project-fresh/dfresh/venv/lib/python3.10/site-packages/django/db/models/fields/files.py", line 91, in save
    name = self.field.generate_filename(self.instance, name)
  File "/home/lqs/桌面/py-project-fresh/dfresh/venv/lib/python3.10/site-packages/django/db/models/fields/files.py", line 336, in generate_filename
    return self.storage.generate_filename(filename)
  File "/home/lqs/桌面/py-project-fresh/dfresh/venv/lib/python3.10/site-packages/django/utils/functional.py", line 258, in inner
    self._setup()
  File "/home/lqs/桌面/py-project-fresh/dfresh/venv/lib/python3.10/site-packages/django/core/files/storage.py", line 413, in _setup
    self._wrapped = get_storage_class()()
  File "/home/lqs/桌面/py-project-fresh/dfresh/venv/lib/python3.10/site-packages/django/core/files/storage.py", line 408, in get_storage_class
    return import_string(import_path or settings.DEFAULT_FILE_STORAGE)
  File "/home/lqs/桌面/py-project-fresh/dfresh/venv/lib/python3.10/site-packages/django/utils/module_loading.py", line 30, in import_string
    return cached_import(module_path, class_name)
  File "/home/lqs/桌面/py-project-fresh/dfresh/venv/lib/python3.10/site-packages/django/utils/module_loading.py", line 15, in cached_import
    import_module(module_path)
  File "/usr/lib/python3.10/importlib/__init__.py", line 126, in import_module
    return _bootstrap._gcd_import(name[level:], package, level)
  File "<frozen importlib._bootstrap>", line 1050, in _gcd_import
  File "<frozen importlib._bootstrap>", line 1027, in _find_and_load
  File "<frozen importlib._bootstrap>", line 992, in _find_and_load_unlocked
  File "<frozen importlib._bootstrap>", line 241, in _call_with_frames_removed
  File "<frozen importlib._bootstrap>", line 1050, in _gcd_import
  File "<frozen importlib._bootstrap>", line 1027, in _find_and_load
  File "<frozen importlib._bootstrap>", line 1004, in _find_and_load_unlocked
ModuleNotFoundError: No module named 'aliyun_oss2_storage'
[2022-05-31 21:28:06,038] [ERROR] "POST /admin/goods/goodstype/add/ HTTP/1.1" 500 227356
[2022-05-31 21:38:47,026] [ERROR] Internal Server Error: /admin/goods/goodstype/add/
Traceback (most recent call last):
  File "/home/lqs/桌面/py-project-fresh/dfresh/venv/lib/python3.10/site-packages/django/core/handlers/exception.py", line 55, in inner
    response = get_response(request)
  File "/home/lqs/桌面/py-project-fresh/dfresh/venv/lib/python3.10/site-packages/django/core/handlers/base.py", line 197, in _get_response
    response = wrapped_callback(request, *callback_args, **callback_kwargs)
  File "/home/lqs/桌面/py-project-fresh/dfresh/venv/lib/python3.10/site-packages/django/contrib/admin/options.py", line 683, in wrapper
    return self.admin_site.admin_view(view)(*args, **kwargs)
  File "/home/lqs/桌面/py-project-fresh/dfresh/venv/lib/python3.10/site-packages/django/utils/decorators.py", line 133, in _wrapped_view
    response = view_func(request, *args, **kwargs)
  File "/home/lqs/桌面/py-project-fresh/dfresh/venv/lib/python3.10/site-packages/django/views/decorators/cache.py", line 62, in _wrapped_view_func
    response = view_func(request, *args, **kwargs)
  File "/home/lqs/桌面/py-project-fresh/dfresh/venv/lib/python3.10/site-packages/django/contrib/admin/sites.py", line 242, in inner
    return view(request, *args, **kwargs)
  File "/home/lqs/桌面/py-project-fresh/dfresh/venv/lib/python3.10/site-packages/django/contrib/admin/options.py", line 1885, in add_view
    return self.changeform_view(request, None, form_url, extra_context)
  File "/home/lqs/桌面/py-project-fresh/dfresh/venv/lib/python3.10/site-packages/django/utils/decorators.py", line 46, in _wrapper
    return bound_method(*args, **kwargs)
  File "/home/lqs/桌面/py-project-fresh/dfresh/venv/lib/python3.10/site-packages/django/utils/decorators.py", line 133, in _wrapped_view
    response = view_func(request, *args, **kwargs)
  File "/home/lqs/桌面/py-project-fresh/dfresh/venv/lib/python3.10/site-packages/django/contrib/admin/options.py", line 1745, in changeform_view
    return self._changeform_view(request, object_id, form_url, extra_context)
  File "/home/lqs/桌面/py-project-fresh/dfresh/venv/lib/python3.10/site-packages/django/contrib/admin/options.py", line 1797, in _changeform_view
    self.save_model(request, new_object, form, not add)
  File "/home/lqs/桌面/py-project-fresh/dfresh/venv/lib/python3.10/site-packages/django/contrib/admin/options.py", line 1220, in save_model
    obj.save()
  File "/home/lqs/桌面/py-project-fresh/dfresh/venv/lib/python3.10/site-packages/django/db/models/base.py", line 806, in save
    self.save_base(
  File "/home/lqs/桌面/py-project-fresh/dfresh/venv/lib/python3.10/site-packages/django/db/models/base.py", line 857, in save_base
    updated = self._save_table(
  File "/home/lqs/桌面/py-project-fresh/dfresh/venv/lib/python3.10/site-packages/django/db/models/base.py", line 1000, in _save_table
    results = self._do_insert(
  File "/home/lqs/桌面/py-project-fresh/dfresh/venv/lib/python3.10/site-packages/django/db/models/base.py", line 1041, in _do_insert
    return manager._insert(
  File "/home/lqs/桌面/py-project-fresh/dfresh/venv/lib/python3.10/site-packages/django/db/models/manager.py", line 85, in manager_method
    return getattr(self.get_queryset(), name)(*args, **kwargs)
  File "/home/lqs/桌面/py-project-fresh/dfresh/venv/lib/python3.10/site-packages/django/db/models/query.py", line 1434, in _insert
    return query.get_compiler(using=using).execute_sql(returning_fields)
  File "/home/lqs/桌面/py-project-fresh/dfresh/venv/lib/python3.10/site-packages/django/db/models/sql/compiler.py", line 1620, in execute_sql
    for sql, params in self.as_sql():
  File "/home/lqs/桌面/py-project-fresh/dfresh/venv/lib/python3.10/site-packages/django/db/models/sql/compiler.py", line 1547, in as_sql
    value_rows = [
  File "/home/lqs/桌面/py-project-fresh/dfresh/venv/lib/python3.10/site-packages/django/db/models/sql/compiler.py", line 1548, in <listcomp>
    [
  File "/home/lqs/桌面/py-project-fresh/dfresh/venv/lib/python3.10/site-packages/django/db/models/sql/compiler.py", line 1549, in <listcomp>
    self.prepare_value(field, self.pre_save_val(field, obj))
  File "/home/lqs/桌面/py-project-fresh/dfresh/venv/lib/python3.10/site-packages/django/db/models/sql/compiler.py", line 1497, in pre_save_val
    return field.pre_save(obj, add=True)
  File "/home/lqs/桌面/py-project-fresh/dfresh/venv/lib/python3.10/site-packages/django/db/models/fields/files.py", line 316, in pre_save
    file.save(file.name, file.file, save=False)
  File "/home/lqs/桌面/py-project-fresh/dfresh/venv/lib/python3.10/site-packages/django/db/models/fields/files.py", line 91, in save
    name = self.field.generate_filename(self.instance, name)
  File "/home/lqs/桌面/py-project-fresh/dfresh/venv/lib/python3.10/site-packages/django/db/models/fields/files.py", line 336, in generate_filename
    return self.storage.generate_filename(filename)
  File "/home/lqs/桌面/py-project-fresh/dfresh/venv/lib/python3.10/site-packages/django/utils/functional.py", line 258, in inner
    self._setup()
  File "/home/lqs/桌面/py-project-fresh/dfresh/venv/lib/python3.10/site-packages/django/core/files/storage.py", line 413, in _setup
    self._wrapped = get_storage_class()()
  File "/home/lqs/桌面/py-project-fresh/dfresh/venv/lib/python3.10/site-packages/django/core/files/storage.py", line 408, in get_storage_class
    return import_string(import_path or settings.DEFAULT_FILE_STORAGE)
  File "/home/lqs/桌面/py-project-fresh/dfresh/venv/lib/python3.10/site-packages/django/utils/module_loading.py", line 30, in import_string
    return cached_import(module_path, class_name)
  File "/home/lqs/桌面/py-project-fresh/dfresh/venv/lib/python3.10/site-packages/django/utils/module_loading.py", line 15, in cached_import
    import_module(module_path)
  File "/usr/lib/python3.10/importlib/__init__.py", line 126, in import_module
    return _bootstrap._gcd_import(name[level:], package, level)
  File "<frozen importlib._bootstrap>", line 1050, in _gcd_import
  File "<frozen importlib._bootstrap>", line 1027, in _find_and_load
  File "<frozen importlib._bootstrap>", line 1006, in _find_and_load_unlocked
  File "<frozen importlib._bootstrap>", line 688, in _load_unlocked
  File "<frozen importlib._bootstrap_external>", line 883, in exec_module
  File "<frozen importlib._bootstrap>", line 241, in _call_with_frames_removed
  File "/home/lqs/桌面/py-project-fresh/dfresh/venv/lib/python3.10/site-packages/django_aliyun_oss2_storage-0.1.2-py3.10.egg/aliyun_oss2_storage/backends.py", line 15, in <module>
    from django.utils.encoding import force_text, filepath_to_uri, force_bytes
ImportError: cannot import name 'force_text' from 'django.utils.encoding' (/home/lqs/桌面/py-project-fresh/dfresh/venv/lib/python3.10/site-packages/django/utils/encoding.py)
[2022-05-31 21:38:47,029] [ERROR] "POST /admin/goods/goodstype/add/ HTTP/1.1" 500 247856
[2022-05-31 21:40:37,293] [ERROR] Internal Server Error: /admin/goods/goodstype/add/
Traceback (most recent call last):
  File "/home/lqs/桌面/py-project-fresh/dfresh/venv/lib/python3.10/site-packages/django/core/handlers/exception.py", line 55, in inner
    response = get_response(request)
  File "/home/lqs/桌面/py-project-fresh/dfresh/venv/lib/python3.10/site-packages/django/core/handlers/base.py", line 197, in _get_response
    response = wrapped_callback(request, *callback_args, **callback_kwargs)
  File "/home/lqs/桌面/py-project-fresh/dfresh/venv/lib/python3.10/site-packages/django/contrib/admin/options.py", line 683, in wrapper
    return self.admin_site.admin_view(view)(*args, **kwargs)
  File "/home/lqs/桌面/py-project-fresh/dfresh/venv/lib/python3.10/site-packages/django/utils/decorators.py", line 133, in _wrapped_view
    response = view_func(request, *args, **kwargs)
  File "/home/lqs/桌面/py-project-fresh/dfresh/venv/lib/python3.10/site-packages/django/views/decorators/cache.py", line 62, in _wrapped_view_func
    response = view_func(request, *args, **kwargs)
  File "/home/lqs/桌面/py-project-fresh/dfresh/venv/lib/python3.10/site-packages/django/contrib/admin/sites.py", line 242, in inner
    return view(request, *args, **kwargs)
  File "/home/lqs/桌面/py-project-fresh/dfresh/venv/lib/python3.10/site-packages/django/contrib/admin/options.py", line 1885, in add_view
    return self.changeform_view(request, None, form_url, extra_context)
  File "/home/lqs/桌面/py-project-fresh/dfresh/venv/lib/python3.10/site-packages/django/utils/decorators.py", line 46, in _wrapper
    return bound_method(*args, **kwargs)
  File "/home/lqs/桌面/py-project-fresh/dfresh/venv/lib/python3.10/site-packages/django/utils/decorators.py", line 133, in _wrapped_view
    response = view_func(request, *args, **kwargs)
  File "/home/lqs/桌面/py-project-fresh/dfresh/venv/lib/python3.10/site-packages/django/contrib/admin/options.py", line 1745, in changeform_view
    return self._changeform_view(request, object_id, form_url, extra_context)
  File "/home/lqs/桌面/py-project-fresh/dfresh/venv/lib/python3.10/site-packages/django/contrib/admin/options.py", line 1797, in _changeform_view
    self.save_model(request, new_object, form, not add)
  File "/home/lqs/桌面/py-project-fresh/dfresh/venv/lib/python3.10/site-packages/django/contrib/admin/options.py", line 1220, in save_model
    obj.save()
  File "/home/lqs/桌面/py-project-fresh/dfresh/venv/lib/python3.10/site-packages/django/db/models/base.py", line 806, in save
    self.save_base(
  File "/home/lqs/桌面/py-project-fresh/dfresh/venv/lib/python3.10/site-packages/django/db/models/base.py", line 857, in save_base
    updated = self._save_table(
  File "/home/lqs/桌面/py-project-fresh/dfresh/venv/lib/python3.10/site-packages/django/db/models/base.py", line 1000, in _save_table
    results = self._do_insert(
  File "/home/lqs/桌面/py-project-fresh/dfresh/venv/lib/python3.10/site-packages/django/db/models/base.py", line 1041, in _do_insert
    return manager._insert(
  File "/home/lqs/桌面/py-project-fresh/dfresh/venv/lib/python3.10/site-packages/django/db/models/manager.py", line 85, in manager_method
    return getattr(self.get_queryset(), name)(*args, **kwargs)
  File "/home/lqs/桌面/py-project-fresh/dfresh/venv/lib/python3.10/site-packages/django/db/models/query.py", line 1434, in _insert
    return query.get_compiler(using=using).execute_sql(returning_fields)
  File "/home/lqs/桌面/py-project-fresh/dfresh/venv/lib/python3.10/site-packages/django/db/models/sql/compiler.py", line 1620, in execute_sql
    for sql, params in self.as_sql():
  File "/home/lqs/桌面/py-project-fresh/dfresh/venv/lib/python3.10/site-packages/django/db/models/sql/compiler.py", line 1547, in as_sql
    value_rows = [
  File "/home/lqs/桌面/py-project-fresh/dfresh/venv/lib/python3.10/site-packages/django/db/models/sql/compiler.py", line 1548, in <listcomp>
    [
  File "/home/lqs/桌面/py-project-fresh/dfresh/venv/lib/python3.10/site-packages/django/db/models/sql/compiler.py", line 1549, in <listcomp>
    self.prepare_value(field, self.pre_save_val(field, obj))
  File "/home/lqs/桌面/py-project-fresh/dfresh/venv/lib/python3.10/site-packages/django/db/models/sql/compiler.py", line 1497, in pre_save_val
    return field.pre_save(obj, add=True)
  File "/home/lqs/桌面/py-project-fresh/dfresh/venv/lib/python3.10/site-packages/django/db/models/fields/files.py", line 316, in pre_save
    file.save(file.name, file.file, save=False)
  File "/home/lqs/桌面/py-project-fresh/dfresh/venv/lib/python3.10/site-packages/django/db/models/fields/files.py", line 92, in save
    self.name = self.storage.save(name, content, max_length=self.field.max_length)
  File "/home/lqs/桌面/py-project-fresh/dfresh/venv/lib/python3.10/site-packages/django/core/files/storage.py", line 57, in save
    name = self._save(name, content)
  File "/home/lqs/桌面/py-project-fresh/dfresh/venv/lib/python3.10/site-packages/django_aliyun_oss2_storage-0.1.2-py3.10.egg/aliyun_oss2_storage/backends.py", line 142, in _save
    target_name = self._get_target_name(name)
  File "/home/lqs/桌面/py-project-fresh/dfresh/venv/lib/python3.10/site-packages/django_aliyun_oss2_storage-0.1.2-py3.10.egg/aliyun_oss2_storage/backends.py", line 132, in _get_target_name
    name = self._normalize_name(self._clean_name(name))
  File "/home/lqs/桌面/py-project-fresh/dfresh/venv/lib/python3.10/site-packages/django_aliyun_oss2_storage-0.1.2-py3.10.egg/aliyun_oss2_storage/backends.py", line 119, in _normalize_name
    base_path = force_text(self.location)
NameError: name 'force_text' is not defined
[2022-05-31 21:40:37,296] [ERROR] "POST /admin/goods/goodstype/add/ HTTP/1.1" 500 199651
